<?xml version="1.0" encoding="UTF-8"?>
<testng-results skipped="0" failed="0" ignored="0" total="0" passed="0">
  <reporter-output>
  </reporter-output>
  <suite name="login.com.facebk.AppTest" duration-ms="8" started-at="2019-09-26T19:58:32Z" finished-at="2019-09-26T19:58:32Z">
    <groups>
    </groups>
    <test name="Command line test" duration-ms="8" started-at="2019-09-26T19:58:32Z" finished-at="2019-09-26T19:58:32Z">
    </test> <!-- Command line test -->
  </suite> <!-- login.com.facebk.AppTest -->
</testng-results>
